<?xml version="1.0" encoding="UTF-8"?>
<!-- Generated by org.testng.reporters.JUnitReportReporter -->
<testsuite skipped="0" hostname="BTPL-DTP-A114" name="com.frame.testCases.TC_LoginTest_001" tests="1" failures="0" timestamp="05 Mar 2019 07:48:49 GMT" time="9.453" errors="0">
  <testcase name="loginTest" time="9.453" classname="com.frame.testCases.TC_LoginTest_001"/>
</testsuite> <!-- com.frame.testCases.TC_LoginTest_001 -->
